DEBUG:root:Dataset loaded successfully.
DEBUG:root:Dataset loaded successfully.
DEBUG:root:Dataset loaded successfully.
DEBUG:root:Dataset loaded successfully.
DEBUG:root:Dataset loaded successfully.
DEBUG:urllib3.connectionpool:Starting new HTTP connection (1): api.weatherapi.com:80
DEBUG:urllib3.connectionpool:http://api.weatherapi.com:80 "GET /v1/current.json?key=2fd7c4ec296b4c8da6b74927241807&q=in%20banglore&aqi=no HTTP/11" 200 None
DEBUG:root:Dataset loaded successfully.
DEBUG:root:Dataset loaded successfully.
DEBUG:root:Dataset loaded successfully.
DEBUG:root:Dataset loaded successfully.
DEBUG:root:Dataset loaded successfully.
DEBUG:root:Dataset loaded successfully.
DEBUG:root:Dataset loaded successfully.
DEBUG:root:Dataset loaded successfully.
DEBUG:urllib3.connectionpool:Starting new HTTP connection (1): api.weatherapi.com:80
DEBUG:urllib3.connectionpool:http://api.weatherapi.com:80 "GET /v1/current.json?key=&q=in%20banglore&aqi=no HTTP/11" 403 None
ERROR:root:Request error: 403 Client Error: Forbidden for url: http://api.weatherapi.com/v1/current.json?key=&q=in%20banglore&aqi=no
DEBUG:root:Dataset loaded successfully.
DEBUG:root:Dataset loaded successfully.
DEBUG:root:Dataset loaded successfully.
DEBUG:root:Dataset loaded successfully.
DEBUG:root:Dataset loaded successfully.
DEBUG:root:Dataset loaded successfully.
DEBUG:root:Dataset loaded successfully.
DEBUG:root:Dataset loaded successfully.
DEBUG:root:Dataset loaded successfully.
DEBUG:root:Dataset loaded successfully.
DEBUG:root:Dataset loaded successfully.
DEBUG:root:Dataset loaded successfully.
DEBUG:root:Dataset loaded successfully.
DEBUG:root:Dataset loaded successfully.
DEBUG:root:Dataset loaded successfully.
DEBUG:root:Dataset loaded successfully.
ERROR:root:Mathematical evaluation error: invalid syntax (<string>, line 1)
DEBUG:root:Dataset loaded successfully.
DEBUG:root:Dataset loaded successfully.
DEBUG:root:Dataset loaded successfully.
DEBUG:root:Dataset loaded successfully.
DEBUG:root:Dataset loaded successfully.
DEBUG:root:Dataset loaded successfully.
DEBUG:root:Dataset loaded successfully.
DEBUG:root:Dataset loaded successfully.
DEBUG:root:Dataset loaded successfully.
DEBUG:root:Dataset loaded successfully.
DEBUG:root:Dataset loaded successfully.
DEBUG:root:Dataset loaded successfully.
DEBUG:root:Dataset loaded successfully.
DEBUG:root:Dataset loaded successfully.
ERROR:root:Error: Error tokenizing data. C error: Expected 6 fields in line 8, saw 7

ERROR:root:Error: Error tokenizing data. C error: Expected 6 fields in line 8, saw 7

ERROR:root:Error: Error tokenizing data. C error: Expected 6 fields in line 8, saw 7

DEBUG:root:Dataset loaded successfully.
ERROR:root:Error: Error tokenizing data. C error: Expected 6 fields in line 35, saw 7

ERROR:root:Error: Error tokenizing data. C error: Expected 6 fields in line 35, saw 7

DEBUG:root:Dataset loaded successfully.
ERROR:root:Error: Error tokenizing data. C error: Expected 6 fields in line 37, saw 7

ERROR:root:Error: Error tokenizing data. C error: Expected 6 fields in line 37, saw 7

DEBUG:root:Dataset loaded successfully.
DEBUG:root:Dataset loaded successfully.
DEBUG:root:Dataset loaded successfully.
DEBUG:root:Dataset loaded successfully.
DEBUG:root:Dataset loaded successfully.
DEBUG:root:Dataset loaded successfully.
DEBUG:root:Dataset loaded successfully.
DEBUG:root:Dataset loaded successfully.
DEBUG:root:Dataset loaded successfully.
DEBUG:root:Dataset loaded successfully.
DEBUG:root:Dataset loaded successfully.
DEBUG:root:Dataset loaded successfully.
DEBUG:root:Dataset loaded successfully.
DEBUG:root:Dataset loaded successfully.
DEBUG:root:Dataset loaded successfully.
DEBUG:root:Dataset loaded successfully.
DEBUG:root:Dataset loaded successfully.
DEBUG:root:Dataset loaded successfully.
DEBUG:root:Dataset loaded successfully.
